<?xml version="1.0" encoding="UTF-8"?>
<testng-results ignored="0" total="1" passed="1" failed="0" skipped="0">
  <reporter-output>
  </reporter-output>
  <suite started-at="2022-04-08T04:20:19Z" name="Suite" finished-at="2022-04-08T04:20:37Z" duration-ms="17909">
    <groups>
    </groups>
    <test started-at="2022-04-08T04:20:19Z" name="Test" finished-at="2022-04-08T04:20:37Z" duration-ms="17909">
      <class name="chrome.ExtentReportsSample">
        <test-method signature="openTest()[pri:0, instance:chrome.ExtentReportsSample@39c1fe0b]" started-at="2022-04-08T04:20:19Z" name="openTest" finished-at="2022-04-08T04:20:35Z" duration-ms="16277" status="PASS">
          <reporter-output>
          </reporter-output>
        </test-method> <!-- openTest -->
        <test-method is-config="true" signature="closeTest()[pri:0, instance:chrome.ExtentReportsSample@39c1fe0b]" started-at="2022-04-08T04:20:36Z" name="closeTest" finished-at="2022-04-08T04:20:37Z" duration-ms="1053" status="PASS">
          <reporter-output>
          </reporter-output>
        </test-method> <!-- closeTest -->
      </class> <!-- chrome.ExtentReportsSample -->
    </test> <!-- Test -->
  </suite> <!-- Suite -->
</testng-results>
