<?xml version="1.0" encoding="UTF-8"?>
<testng-results ignored="0" total="1" passed="1" failed="0" skipped="0">
  <reporter-output>
  </reporter-output>
  <suite started-at="2022-11-12T21:50:14 IST" name="Suite" finished-at="2022-11-12T21:50:29 IST" duration-ms="14350">
    <groups>
    </groups>
    <test started-at="2022-11-12T21:50:14 IST" name="Test" finished-at="2022-11-12T21:50:29 IST" duration-ms="14350">
      <class name="chrome.ExtentReportsSample">
        <test-method signature="openTest()[pri:0, instance:chrome.ExtentReportsSample@25b5c5e3]" started-at="2022-11-12T21:50:15 IST" name="openTest" finished-at="2022-11-12T21:50:28 IST" duration-ms="13010" status="PASS">
          <reporter-output>
          </reporter-output>
        </test-method> <!-- openTest -->
        <test-method is-config="true" signature="closeTest()[pri:0, instance:chrome.ExtentReportsSample@25b5c5e3]" started-at="2022-11-12T21:50:28 IST" name="closeTest" finished-at="2022-11-12T21:50:29 IST" duration-ms="866" status="PASS">
          <reporter-output>
          </reporter-output>
        </test-method> <!-- closeTest -->
      </class> <!-- chrome.ExtentReportsSample -->
    </test> <!-- Test -->
  </suite> <!-- Suite -->
</testng-results>
